<?xml version="1.0" encoding="UTF-8"?>
<robot generator="Robot 7.1.1 (Python 3.9.12 on darwin)" generated="2024-10-31T12:00:12.839011" rpa="false" schemaversion="5">
<suite id="s1" name="Atcmd" source="/Users/amerilain/Documents/ICT_docs/3rd_year/Robot_Framework/Exercises/solutions/02_Data_driven_style/atcmd.robot">
<test id="s1-t1" name="Connection Test" line="7">
<kw name="Send Text Template">
<kw name="Send Text" owner="AtCommandLibrary">
<arg>${text}</arg>
<status status="PASS" start="2024-10-31T12:00:12.958971" elapsed="0.012995"/>
</kw>
<kw name="Response Should Be" owner="AtCommandLibrary">
<arg>SENT="${expected_response}"</arg>
<status status="PASS" start="2024-10-31T12:00:12.973136" elapsed="0.002167"/>
</kw>
<arg>AT</arg>
<arg>AT</arg>
<status status="PASS" start="2024-10-31T12:00:12.955053" elapsed="0.020941"/>
</kw>
<status status="PASS" start="2024-10-31T12:00:12.951445" elapsed="0.026097"/>
</test>
<test id="s1-t2" name="Only Letters" line="8">
<kw name="Send Text Template">
<kw name="Send Text" owner="AtCommandLibrary">
<arg>${text}</arg>
<status status="PASS" start="2024-10-31T12:00:12.983568" elapsed="0.001248"/>
</kw>
<kw name="Response Should Be" owner="AtCommandLibrary">
<arg>SENT="${expected_response}"</arg>
<status status="PASS" start="2024-10-31T12:00:12.985496" elapsed="0.001505"/>
</kw>
<arg>this is a test</arg>
<arg>THIS IS A TEST</arg>
<status status="PASS" start="2024-10-31T12:00:12.981848" elapsed="0.005641"/>
</kw>
<status status="PASS" start="2024-10-31T12:00:12.979077" elapsed="0.009214"/>
</test>
<test id="s1-t3" name="Only Numbers" line="9">
<kw name="Send Text Template">
<kw name="Send Text" owner="AtCommandLibrary">
<arg>${text}</arg>
<status status="PASS" start="2024-10-31T12:00:12.992606" elapsed="0.000964"/>
</kw>
<kw name="Response Should Be" owner="AtCommandLibrary">
<arg>SENT="${expected_response}"</arg>
<status status="PASS" start="2024-10-31T12:00:12.994122" elapsed="0.001664"/>
</kw>
<arg>1234567890</arg>
<arg>1234567890</arg>
<status status="PASS" start="2024-10-31T12:00:12.991190" elapsed="0.005092"/>
</kw>
<status status="PASS" start="2024-10-31T12:00:12.989439" elapsed="0.007656"/>
</test>
<test id="s1-t4" name="Mixed Letters and Numbers" line="10">
<kw name="Send Text Template">
<kw name="Send Text" owner="AtCommandLibrary">
<arg>${text}</arg>
<status status="PASS" start="2024-10-31T12:00:13.001878" elapsed="0.001299"/>
</kw>
<kw name="Response Should Be" owner="AtCommandLibrary">
<arg>SENT="${expected_response}"</arg>
<status status="PASS" start="2024-10-31T12:00:13.003811" elapsed="0.001474"/>
</kw>
<arg>test123test</arg>
<arg>TEST123TEST</arg>
<status status="PASS" start="2024-10-31T12:00:13.000378" elapsed="0.005423"/>
</kw>
<status status="PASS" start="2024-10-31T12:00:12.998243" elapsed="0.008399"/>
</test>
<test id="s1-t5" name="Whitespace and Tabs" line="11">
<kw name="Send Text Template">
<kw name="Send Text" owner="AtCommandLibrary">
<arg>${text}</arg>
<status status="PASS" start="2024-10-31T12:00:13.011945" elapsed="0.001006"/>
</kw>
<kw name="Response Should Be" owner="AtCommandLibrary">
<arg>SENT="${expected_response}"</arg>
<status status="PASS" start="2024-10-31T12:00:13.013518" elapsed="0.001442"/>
</kw>
<arg>this${SPACE}is${SPACE}a${SPACE}test</arg>
<arg>THIS IS A TEST</arg>
<status status="PASS" start="2024-10-31T12:00:13.010101" elapsed="0.005333"/>
</kw>
<status status="PASS" start="2024-10-31T12:00:13.007921" elapsed="0.008298"/>
</test>
<test id="s1-t6" name="Special Characters" line="12">
<kw name="Send Text Template">
<kw name="Send Text" owner="AtCommandLibrary">
<arg>${text}</arg>
<status status="PASS" start="2024-10-31T12:00:13.022188" elapsed="0.001042"/>
</kw>
<kw name="Response Should Be" owner="AtCommandLibrary">
<arg>SENT="${expected_response}"</arg>
<status status="PASS" start="2024-10-31T12:00:13.023845" elapsed="0.004852"/>
</kw>
<arg>hello, world!</arg>
<arg>HELLOX WORLDX</arg>
<status status="PASS" start="2024-10-31T12:00:13.020601" elapsed="0.008927"/>
</kw>
<status status="PASS" start="2024-10-31T12:00:13.018505" elapsed="0.011859"/>
</test>
<doc>Data-driven tests for AT command communication with Raspberry Pi Pico</doc>
<status status="PASS" start="2024-10-31T12:00:12.848919" elapsed="0.185866"/>
</suite>
<statistics>
<total>
<stat pass="6" fail="0" skip="0">All Tests</stat>
</total>
<tag>
</tag>
<suite>
<stat pass="6" fail="0" skip="0" id="s1" name="Atcmd">Atcmd</stat>
</suite>
</statistics>
<errors>
</errors>
</robot>
