<?xml version="1.0" encoding="UTF-8"?>
<robot generator="Robot 7.1.1 (Python 3.9.12 on darwin)" generated="2024-11-01T12:52:53.388262" rpa="false" schemaversion="5">
<suite id="s1" name="Atcmd" source="/Users/amerilain/Documents/ICT_docs/3rd_year/Robot_Framework/Exercises/solutions/03_Setup_and_teardown_and_resources/atcmd.robot">
<test id="s1-t1" name="Connection Test" line="8">
<kw name="Send Text Template">
<kw name="Send Text" owner="AtCommandLibrary">
<arg>${text}</arg>
<status status="PASS" start="2024-11-01T12:52:53.435817" elapsed="0.024361"/>
</kw>
<kw name="Response Should Be" owner="AtCommandLibrary">
<arg>SENT="${expected_response}"</arg>
<status status="PASS" start="2024-11-01T12:52:53.460639" elapsed="0.000351"/>
</kw>
<arg>AT</arg>
<arg>AT</arg>
<status status="PASS" start="2024-11-01T12:52:53.435439" elapsed="0.025627"/>
</kw>
<status status="PASS" start="2024-11-01T12:52:53.435012" elapsed="0.026207"/>
</test>
<test id="s1-t2" name="Only Letters" line="9">
<kw name="Send Text Template">
<kw name="Send Text" owner="AtCommandLibrary">
<arg>${text}</arg>
<status status="PASS" start="2024-11-01T12:52:53.461958" elapsed="0.000123"/>
</kw>
<kw name="Response Should Be" owner="AtCommandLibrary">
<arg>SENT="${expected_response}"</arg>
<status status="PASS" start="2024-11-01T12:52:53.462163" elapsed="0.001055"/>
</kw>
<arg>this is a test</arg>
<arg>THIS IS A TEST</arg>
<status status="PASS" start="2024-11-01T12:52:53.461661" elapsed="0.001609"/>
</kw>
<status status="PASS" start="2024-11-01T12:52:53.461388" elapsed="0.001993"/>
</test>
<test id="s1-t3" name="Only Numbers" line="10">
<kw name="Send Text Template">
<kw name="Send Text" owner="AtCommandLibrary">
<arg>${text}</arg>
<status status="PASS" start="2024-11-01T12:52:53.463952" elapsed="0.000118"/>
</kw>
<kw name="Response Should Be" owner="AtCommandLibrary">
<arg>SENT="${expected_response}"</arg>
<status status="PASS" start="2024-11-01T12:52:53.464152" elapsed="0.000791"/>
</kw>
<arg>1234567890</arg>
<arg>1234567890</arg>
<status status="PASS" start="2024-11-01T12:52:53.463748" elapsed="0.001241"/>
</kw>
<status status="PASS" start="2024-11-01T12:52:53.463528" elapsed="0.001568"/>
</test>
<test id="s1-t4" name="Mixed Letters and Numbers" line="11">
<kw name="Send Text Template">
<kw name="Send Text" owner="AtCommandLibrary">
<arg>${text}</arg>
<status status="PASS" start="2024-11-01T12:52:53.465807" elapsed="0.000135"/>
</kw>
<kw name="Response Should Be" owner="AtCommandLibrary">
<arg>SENT="${expected_response}"</arg>
<status status="PASS" start="2024-11-01T12:52:53.466034" elapsed="0.001056"/>
</kw>
<arg>test123test</arg>
<arg>TEST123TEST</arg>
<status status="PASS" start="2024-11-01T12:52:53.465584" elapsed="0.001605"/>
</kw>
<status status="PASS" start="2024-11-01T12:52:53.465284" elapsed="0.002054"/>
</test>
<test id="s1-t5" name="Whitespace and Tabs" line="12">
<kw name="Send Text Template">
<kw name="Send Text" owner="AtCommandLibrary">
<arg>${text}</arg>
<status status="PASS" start="2024-11-01T12:52:53.468076" elapsed="0.000141"/>
</kw>
<kw name="Response Should Be" owner="AtCommandLibrary">
<arg>SENT="${expected_response}"</arg>
<status status="PASS" start="2024-11-01T12:52:53.468294" elapsed="0.001072"/>
</kw>
<arg>this${SPACE}is${SPACE}a${SPACE}test</arg>
<arg>THIS IS A TEST</arg>
<status status="PASS" start="2024-11-01T12:52:53.467780" elapsed="0.001668"/>
</kw>
<status status="PASS" start="2024-11-01T12:52:53.467498" elapsed="0.002117"/>
</test>
<test id="s1-t6" name="Special Characters" line="13">
<kw name="Send Text Template">
<kw name="Send Text" owner="AtCommandLibrary">
<arg>${text}</arg>
<status status="PASS" start="2024-11-01T12:52:53.470428" elapsed="0.000158"/>
</kw>
<kw name="Response Should Be" owner="AtCommandLibrary">
<arg>SENT="${expected_response}"</arg>
<status status="PASS" start="2024-11-01T12:52:53.470686" elapsed="0.001065"/>
</kw>
<arg>hello, world!</arg>
<arg>HELLOX WORLDX</arg>
<status status="PASS" start="2024-11-01T12:52:53.470169" elapsed="0.001653"/>
</kw>
<status status="PASS" start="2024-11-01T12:52:53.469878" elapsed="0.002103"/>
</test>
<doc>Data-driven tests for AT command communication with Raspberry Pi Pico</doc>
<status status="PASS" start="2024-11-01T12:52:53.389094" elapsed="0.083235"/>
</suite>
<statistics>
<total>
<stat pass="6" fail="0" skip="0">All Tests</stat>
</total>
<tag>
</tag>
<suite>
<stat pass="6" fail="0" skip="0" id="s1" name="Atcmd">Atcmd</stat>
</suite>
</statistics>
<errors>
</errors>
</robot>
